<?xml version="1.0" encoding="UTF-8"?>
<!-- Generated by org.testng.reporters.JUnitReportReporter -->
<testsuite skipped="0" hostname="Nehas-MacBook-Pro.local" name="TestScripts.TestPut" tests="1" failures="0" timestamp="31 May 2020 11:40:17 GMT" time="2.615" errors="0">
  <testcase name="TestPost_1" time="2.615" classname="TestScripts.TestPut"/>
</testsuite> <!-- TestScripts.TestPut -->
