<?xml version="1.0" encoding="UTF-8"?>
<!-- Generated by org.testng.reporters.JUnitReportReporter -->
<testsuite skipped="0" hostname="Nehas-MacBook-Pro.local" name="TestScripts.HeaderResponseValidation" tests="1" failures="0" timestamp="13 Jun 2020 09:22:37 GMT" time="1.291" errors="0">
  <testcase name="GetWeatherHeadersValidate" time="1.291" classname="TestScripts.HeaderResponseValidation"/>
</testsuite> <!-- TestScripts.HeaderResponseValidation -->
