<?xml version="1.0" encoding="UTF-8"?>
<!-- Generated by org.testng.reporters.JUnitReportReporter -->
<testsuite skipped="0" hostname="Nehas-MacBook-Pro.local" name="TestScripts.TestGet" tests="1" failures="0" timestamp="12 Jun 2020 12:46:15 GMT" time="1.574" errors="0">
  <testcase name="testusingmethods" time="1.574" classname="TestScripts.TestGet"/>
</testsuite> <!-- TestScripts.TestGet -->
