<?xml version="1.0" encoding="UTF-8"?>
<!-- Generated by org.testng.reporters.JUnitReportReporter -->
<testsuite skipped="0" hostname="Nehas-MacBook-Pro.local" name="TestScripts.TestDelete" tests="1" failures="0" timestamp="31 May 2020 11:49:14 GMT" time="1.763" errors="0">
  <testcase name="TestDelete_1" time="1.763" classname="TestScripts.TestDelete"/>
</testsuite> <!-- TestScripts.TestDelete -->
