<?xml version="1.0" encoding="UTF-8"?>
<!-- Generated by org.testng.reporters.JUnitReportReporter -->
<testsuite skipped="0" hostname="Nehas-MacBook-Pro.local" name="TestScripts.ValidateResponbse2" tests="1" failures="0" timestamp="12 Jun 2020 12:56:20 GMT" time="1.738" errors="0">
  <testcase name="VerifyCityInJsonResponse" time="1.738" classname="TestScripts.ValidateResponbse2"/>
</testsuite> <!-- TestScripts.ValidateResponbse2 -->
