<?xml version="1.0" encoding="UTF-8"?>
<!-- Generated by org.testng.reporters.JUnitReportReporter -->
<testsuite skipped="0" hostname="Nehas-MacBook-Pro.local" name="TestScripts.getallHeaders" tests="1" failures="0" timestamp="12 Jun 2020 13:06:19 GMT" time="1.386" errors="0">
  <testcase name="IteratingOverHeaders1" time="1.386" classname="TestScripts.getallHeaders"/>
</testsuite> <!-- TestScripts.getallHeaders -->
