<?xml version="1.0" encoding="UTF-8"?>
<!-- Generated by org.testng.reporters.JUnitReportReporter -->
<testsuite skipped="0" hostname="Nehas-MacBook-Pro.local" name="TestScripts.Queeryparam" tests="1" failures="0" timestamp="12 Jun 2020 13:18:19 GMT" time="2.169" errors="0">
  <testcase name="queryParameter" time="2.169" classname="TestScripts.Queeryparam"/>
</testsuite> <!-- TestScripts.Queeryparam -->
