<?xml version="1.0" encoding="UTF-8"?>
<!-- Generated by org.testng.reporters.JUnitReportReporter -->
<testsuite skipped="0" hostname="Nehas-MacBook-Pro.local" name="TestScripts.HeadersGet" tests="1" failures="0" timestamp="12 Jun 2020 13:16:53 GMT" time="1.529" errors="0">
  <testcase name="GetWeatherHeaders1" time="1.529" classname="TestScripts.HeadersGet"/>
</testsuite> <!-- TestScripts.HeadersGet -->
