<?xml version="1.0" encoding="UTF-8"?>
<!-- Generated by org.testng.reporters.JUnitReportReporter -->
<testsuite skipped="0" hostname="Nehas-MacBook-Pro.local" name="TestScripts.TestDelete" tests="1" failures="0" timestamp="17 Jul 2020 10:06:48 GMT" time="2.571" errors="0">
  <testcase name="TestDelete_1" time="2.571" classname="TestScripts.TestDelete"/>
</testsuite> <!-- TestScripts.TestDelete -->
