<?xml version="1.0" encoding="UTF-8"?>
<!-- Generated by org.testng.reporters.JUnitReportReporter -->
<testsuite skipped="0" hostname="Nehas-MacBook-Pro.local" name="TestScripts.TestGet" tests="1" failures="0" timestamp="17 Jul 2020 10:06:33 GMT" time="0.746" errors="0">
  <testcase name="testusingmethods" time="0.746" classname="TestScripts.TestGet"/>
</testsuite> <!-- TestScripts.TestGet -->
